0 info it worked if it ends with ok
1 verbose cli [ '/usr/local/bin/node', '/usr/local/bin/npm', 'publish' ]
2 info using npm@3.7.3
3 info using node@v5.8.0
4 verbose publish [ '.' ]
5 silly cache add args [ '.', null ]
6 verbose cache add spec .
7 silly cache add parsed spec Result {
7 silly cache add   raw: '.',
7 silly cache add   scope: null,
7 silly cache add   name: null,
7 silly cache add   rawSpec: '.',
7 silly cache add   spec: '/Users/rmac-sky/projects/blackjack-tools',
7 silly cache add   type: 'directory' }
8 verbose addLocalDirectory /Users/rmac-sky/.npm/blackjack-tools/0.0.2/package.tgz not in flight; packing
9 verbose correctMkdir /Users/rmac-sky/.npm correctMkdir not in flight; initializing
10 info lifecycle blackjack-tools@0.0.2~prepublish: blackjack-tools@0.0.2
11 silly lifecycle blackjack-tools@0.0.2~prepublish: no script for prepublish, continuing
12 verbose tar pack [ '/Users/rmac-sky/.npm/blackjack-tools/0.0.2/package.tgz',
12 verbose tar pack   '/Users/rmac-sky/projects/blackjack-tools' ]
13 verbose tarball /Users/rmac-sky/.npm/blackjack-tools/0.0.2/package.tgz
14 verbose folder /Users/rmac-sky/projects/blackjack-tools
15 verbose addLocalTarball adding from inside cache /Users/rmac-sky/.npm/blackjack-tools/0.0.2/package.tgz
16 verbose correctMkdir /Users/rmac-sky/.npm correctMkdir not in flight; initializing
17 silly cache afterAdd blackjack-tools@0.0.2
18 verbose afterAdd /Users/rmac-sky/.npm/blackjack-tools/0.0.2/package/package.json not in flight; writing
19 verbose correctMkdir /Users/rmac-sky/.npm correctMkdir not in flight; initializing
20 verbose afterAdd /Users/rmac-sky/.npm/blackjack-tools/0.0.2/package/package.json written
21 silly publish { name: 'blackjack-tools',
21 silly publish   version: '0.0.2',
21 silly publish   description: 'A Blackjack Toolkit Available at the CLI',
21 silly publish   scripts: { lint: 'eslint -c .eslintrc.json --ext .js lib test' },
21 silly publish   bin: { blackjack: './bin/blackjack' },
21 silly publish   author: { name: 'Richard McIntyre' },
21 silly publish   license: 'BSD-3-Clause',
21 silly publish   dependencies:
21 silly publish    { 'app-module-path': '^1.0.5',
21 silly publish      'babel-eslint': '^5.0.0',
21 silly publish      'babel-preset-es2015': '^6.6.0',
21 silly publish      'babel-register': '^6.7.2',
21 silly publish      commander: '^2.9.0',
21 silly publish      eslint: '^2.4.0',
21 silly publish      'eslint-config-airbnb': '^6.1.0',
21 silly publish      'eslint-plugin-jasmine': '^1.6.0',
21 silly publish      'eslint-plugin-react': '^4.2.1',
21 silly publish      'estraverse-fb': '^1.3.1',
21 silly publish      install: '^0.6.1',
21 silly publish      mocha: '^2.4.5',
21 silly publish      nexpect: '^0.5.0',
21 silly publish      react: '^0.14.7',
21 silly publish      'react-inlinesvg': '^0.4.2' },
21 silly publish   devDependencies:
21 silly publish    { 'babel-core': '^6.7.4',
21 silly publish      'babel-loader': '^6.2.4',
21 silly publish      'babel-polyfill': '^6.7.4',
21 silly publish      'babel-preset-es2015': '^6.6.0',
21 silly publish      'babel-preset-react': '^6.5.0',
21 silly publish      'babel-preset-stage-0': '^6.5.0',
21 silly publish      mocha: '^2.4.5',
21 silly publish      webpack: '^1.12.14' },
21 silly publish   readme: '# Component Tools\n\nThis is the NPM package to run along side of the component framework.\n\n`npm install -g sky-uk/blackjack-tools`\n# blackjack-accordian\n',
21 silly publish   readmeFilename: 'README.md',
21 silly publish   gitHead: '4cb51fc2823d358c64dc2fdf0e005abf27784881',
21 silly publish   _id: 'blackjack-tools@0.0.2',
21 silly publish   _shasum: 'da9cf7d55c7a64bbdea14e575515a02d98f42d60',
21 silly publish   _from: '.' }
22 verbose getPublishConfig undefined
23 silly mapToRegistry name blackjack-tools
24 silly mapToRegistry using default registry
25 silly mapToRegistry registry https://registry.npmjs.org/
26 silly mapToRegistry uri https://registry.npmjs.org/blackjack-tools
27 verbose publish registryBase https://registry.npmjs.org/
28 silly publish uploading /Users/rmac-sky/.npm/blackjack-tools/0.0.2/package.tgz
29 verbose request uri https://registry.npmjs.org/blackjack-tools
30 verbose request sending authorization for write operation
31 info attempt registry request try #1 at 9:01:34 PM
32 verbose request using bearer token for auth
33 verbose request id 43bd5c1b642d1fa2
34 http request PUT https://registry.npmjs.org/blackjack-tools
35 http 403 https://registry.npmjs.org/blackjack-tools
36 verbose headers { 'content-type': 'application/json',
36 verbose headers   'cache-control': 'max-age=300',
36 verbose headers   'content-length': '107',
36 verbose headers   'accept-ranges': 'bytes',
36 verbose headers   date: 'Thu, 31 Mar 2016 20:01:34 GMT',
36 verbose headers   via: '1.1 varnish',
36 verbose headers   connection: 'keep-alive',
36 verbose headers   'x-served-by': 'cache-ams4148-AMS',
36 verbose headers   'x-cache': 'MISS',
36 verbose headers   'x-cache-hits': '0',
36 verbose headers   'x-timer': 'S1459454494.263783,VS0,VE583' }
37 verbose request invalidating /Users/rmac-sky/.npm/registry.npmjs.org/blackjack-tools on PUT
38 error publish Failed PUT 403
39 verbose stack Error: You do not have permission to publish 'blackjack-tools'. Are you logged in as the correct user? : blackjack-tools
39 verbose stack     at makeError (/usr/local/lib/node_modules/npm/node_modules/npm-registry-client/lib/request.js:264:12)
39 verbose stack     at CachingRegistryClient.<anonymous> (/usr/local/lib/node_modules/npm/node_modules/npm-registry-client/lib/request.js:252:14)
39 verbose stack     at Request._callback (/usr/local/lib/node_modules/npm/node_modules/npm-registry-client/lib/request.js:172:14)
39 verbose stack     at Request.self.callback (/usr/local/lib/node_modules/npm/node_modules/request/request.js:199:22)
39 verbose stack     at emitTwo (events.js:100:13)
39 verbose stack     at Request.emit (events.js:185:7)
39 verbose stack     at Request.<anonymous> (/usr/local/lib/node_modules/npm/node_modules/request/request.js:1036:10)
39 verbose stack     at emitOne (events.js:95:20)
39 verbose stack     at Request.emit (events.js:182:7)
39 verbose stack     at IncomingMessage.<anonymous> (/usr/local/lib/node_modules/npm/node_modules/request/request.js:963:12)
40 verbose statusCode 403
41 verbose pkgid blackjack-tools
42 verbose cwd /Users/rmac-sky/projects/blackjack-tools
43 error Darwin 15.3.0
44 error argv "/usr/local/bin/node" "/usr/local/bin/npm" "publish"
45 error node v5.8.0
46 error npm  v3.7.3
47 error code E403
48 error You do not have permission to publish 'blackjack-tools'. Are you logged in as the correct user? : blackjack-tools
49 error If you need help, you may report this error at:
49 error     <https://github.com/npm/npm/issues>
50 verbose exit [ 1, true ]
